MSP430 Assembler Unix v21.6.1 Thu Nov 28 19:50:21 2024

Copyright (c) 2003-2018 Texas Instruments Incorporated
peripherals.asm                                                      PAGE    1

       1            ;******************************************************************************
       2            ;* MSP430 G3 C/C++ Codegen                                          Unix v21.6.1.LTS *
       3            ;* Date/Time created: Thu Nov 28 19:50:21 2024                                *
       4            ;******************************************************************************
       5                    .compiler_opts --abi=eabi --diag_wrap=off --hll_source=on --mem_model:code=small --mem_model:d
       6            
       7            $C$DW$CU        .dwtag  DW_TAG_compile_unit
       8                    .dwattr $C$DW$CU, DW_AT_name("../peripherals.c")
       9                    .dwattr $C$DW$CU, DW_AT_producer("TI MSP430 G3 C/C++ Codegen Unix v21.6.1.LTS Copyright (c) 20
      10                    .dwattr $C$DW$CU, DW_AT_TI_version(0x01)
      11                    .dwattr $C$DW$CU, DW_AT_comp_dir("/home/daniel/Github/EE579-Labs/lab3_2/Debug")
      12            $C$DW$1 .dwtag  DW_TAG_variable
      13                    .dwattr $C$DW$1, DW_AT_name("ADC10AE0")
      14                    .dwattr $C$DW$1, DW_AT_TI_symbol_name("ADC10AE0")
      15                    .dwattr $C$DW$1, DW_AT_type(*$C$DW$T$21)
      16                    .dwattr $C$DW$1, DW_AT_declaration
      17                    .dwattr $C$DW$1, DW_AT_external
      18                    .dwattr $C$DW$1, DW_AT_decl_file("/home/daniel/ti/ccs1281/ccs/ccs_base/msp430/include/msp430g2
      19                    .dwattr $C$DW$1, DW_AT_decl_line(0xb2)
      20                    .dwattr $C$DW$1, DW_AT_decl_column(0x01)
      21            
      22            $C$DW$2 .dwtag  DW_TAG_variable
      23                    .dwattr $C$DW$2, DW_AT_name("ADC10CTL0")
      24                    .dwattr $C$DW$2, DW_AT_TI_symbol_name("ADC10CTL0")
      25                    .dwattr $C$DW$2, DW_AT_type(*$C$DW$T$22)
      26                    .dwattr $C$DW$2, DW_AT_declaration
      27                    .dwattr $C$DW$2, DW_AT_external
      28                    .dwattr $C$DW$2, DW_AT_decl_file("/home/daniel/ti/ccs1281/ccs/ccs_base/msp430/include/msp430g2
      29                    .dwattr $C$DW$2, DW_AT_decl_line(0xb4)
      30                    .dwattr $C$DW$2, DW_AT_decl_column(0x01)
      31            
      32            $C$DW$3 .dwtag  DW_TAG_variable
      33                    .dwattr $C$DW$3, DW_AT_name("ADC10CTL1")
      34                    .dwattr $C$DW$3, DW_AT_TI_symbol_name("ADC10CTL1")
      35                    .dwattr $C$DW$3, DW_AT_type(*$C$DW$T$22)
      36                    .dwattr $C$DW$3, DW_AT_declaration
      37                    .dwattr $C$DW$3, DW_AT_external
      38                    .dwattr $C$DW$3, DW_AT_decl_file("/home/daniel/ti/ccs1281/ccs/ccs_base/msp430/include/msp430g2
      39                    .dwattr $C$DW$3, DW_AT_decl_line(0xb5)
      40                    .dwattr $C$DW$3, DW_AT_decl_column(0x01)
      41            
      42            $C$DW$4 .dwtag  DW_TAG_variable
      43                    .dwattr $C$DW$4, DW_AT_name("TA1CTL")
      44                    .dwattr $C$DW$4, DW_AT_TI_symbol_name("TA1CTL")
      45                    .dwattr $C$DW$4, DW_AT_type(*$C$DW$T$22)
      46                    .dwattr $C$DW$4, DW_AT_declaration
      47                    .dwattr $C$DW$4, DW_AT_external
      48                    .dwattr $C$DW$4, DW_AT_decl_file("/home/daniel/ti/ccs1281/ccs/ccs_base/msp430/include/msp430g2
      49                    .dwattr $C$DW$4, DW_AT_decl_line(0x268)
      50                    .dwattr $C$DW$4, DW_AT_decl_column(0x01)
      51            
      52            $C$DW$5 .dwtag  DW_TAG_variable
      53                    .dwattr $C$DW$5, DW_AT_name("TA1CCTL0")
      54                    .dwattr $C$DW$5, DW_AT_TI_symbol_name("TA1CCTL0")
      55                    .dwattr $C$DW$5, DW_AT_type(*$C$DW$T$22)
MSP430 Assembler Unix v21.6.1 Thu Nov 28 19:50:21 2024

Copyright (c) 2003-2018 Texas Instruments Incorporated
peripherals.asm                                                      PAGE    2

      56                    .dwattr $C$DW$5, DW_AT_declaration
      57                    .dwattr $C$DW$5, DW_AT_external
      58                    .dwattr $C$DW$5, DW_AT_decl_file("/home/daniel/ti/ccs1281/ccs/ccs_base/msp430/include/msp430g2
      59                    .dwattr $C$DW$5, DW_AT_decl_line(0x269)
      60                    .dwattr $C$DW$5, DW_AT_decl_column(0x01)
      61            
      62            $C$DW$6 .dwtag  DW_TAG_variable
      63                    .dwattr $C$DW$6, DW_AT_name("TA1CCTL1")
      64                    .dwattr $C$DW$6, DW_AT_TI_symbol_name("TA1CCTL1")
      65                    .dwattr $C$DW$6, DW_AT_type(*$C$DW$T$22)
      66                    .dwattr $C$DW$6, DW_AT_declaration
      67                    .dwattr $C$DW$6, DW_AT_external
      68                    .dwattr $C$DW$6, DW_AT_decl_file("/home/daniel/ti/ccs1281/ccs/ccs_base/msp430/include/msp430g2
      69                    .dwattr $C$DW$6, DW_AT_decl_line(0x26a)
      70                    .dwattr $C$DW$6, DW_AT_decl_column(0x01)
      71            
      72            $C$DW$7 .dwtag  DW_TAG_variable
      73                    .dwattr $C$DW$7, DW_AT_name("TA1CCR0")
      74                    .dwattr $C$DW$7, DW_AT_TI_symbol_name("TA1CCR0")
      75                    .dwattr $C$DW$7, DW_AT_type(*$C$DW$T$22)
      76                    .dwattr $C$DW$7, DW_AT_declaration
      77                    .dwattr $C$DW$7, DW_AT_external
      78                    .dwattr $C$DW$7, DW_AT_decl_file("/home/daniel/ti/ccs1281/ccs/ccs_base/msp430/include/msp430g2
      79                    .dwattr $C$DW$7, DW_AT_decl_line(0x26d)
      80                    .dwattr $C$DW$7, DW_AT_decl_column(0x01)
      81            
      82            $C$DW$8 .dwtag  DW_TAG_variable
      83                    .dwattr $C$DW$8, DW_AT_name("TA1CCR1")
      84                    .dwattr $C$DW$8, DW_AT_TI_symbol_name("TA1CCR1")
      85                    .dwattr $C$DW$8, DW_AT_type(*$C$DW$T$22)
      86                    .dwattr $C$DW$8, DW_AT_declaration
      87                    .dwattr $C$DW$8, DW_AT_external
      88                    .dwattr $C$DW$8, DW_AT_decl_file("/home/daniel/ti/ccs1281/ccs/ccs_base/msp430/include/msp430g2
      89                    .dwattr $C$DW$8, DW_AT_decl_line(0x26e)
      90                    .dwattr $C$DW$8, DW_AT_decl_column(0x01)
      91            
      92            ;       /home/daniel/ti/ccs1281/ccs/tools/compiler/ti-cgt-msp430_21.6.1.LTS/bin/opt430 /tmp/TI4OssbVvd
      93 000000               .sect   ".text:setup_pot_ADC"
      94                    .clink
      95                    .global setup_pot_ADC
      96            
      97            $C$DW$9 .dwtag  DW_TAG_subprogram
      98                    .dwattr $C$DW$9, DW_AT_name("setup_pot_ADC")
      99                    .dwattr $C$DW$9, DW_AT_low_pc(setup_pot_ADC)
     100                    .dwattr $C$DW$9, DW_AT_high_pc(0x00)
     101                    .dwattr $C$DW$9, DW_AT_TI_symbol_name("setup_pot_ADC")
     102                    .dwattr $C$DW$9, DW_AT_external
     103                    .dwattr $C$DW$9, DW_AT_TI_begin_file("../peripherals.c")
     104                    .dwattr $C$DW$9, DW_AT_TI_begin_line(0x14)
     105                    .dwattr $C$DW$9, DW_AT_TI_begin_column(0x06)
     106                    .dwattr $C$DW$9, DW_AT_decl_file("../peripherals.c")
     107                    .dwattr $C$DW$9, DW_AT_decl_line(0x14)
     108                    .dwattr $C$DW$9, DW_AT_decl_column(0x06)
     109                    .dwattr $C$DW$9, DW_AT_TI_max_frame_size(0x02)
     110                    .dwpsn  file "../peripherals.c",line 20,column 26,is_stmt,address setup_pot_ADC,isa 0
MSP430 Assembler Unix v21.6.1 Thu Nov 28 19:50:21 2024

Copyright (c) 2003-2018 Texas Instruments Incorporated
peripherals.asm                                                      PAGE    3

     111            
     112                    .dwfde $C$DW$CIE, setup_pot_ADC
     113            
     114            ;*****************************************************************************
     115            ;* FUNCTION NAME: setup_pot_ADC                                              *
     116            ;*                                                                           *
     117            ;*   Regs Modified     : SP                                                  *
     118            ;*   Regs Used         : SP                                                  *
     119            ;*   Local Frame Size  : 0 Args + 0 Auto + 0 Save = 0 byte                   *
     120            ;*****************************************************************************
     121 000000       setup_pot_ADC:
     122            ;* --------------------------------------------------------------------------*
     123                    .dwcfi  cfa_offset, 2
     124                    .dwcfi  save_reg_to_mem, 16, -2
     125                    .dwpsn  file "../peripherals.c",line 24,column 5,is_stmt,isa 0
     126 000000 40B2          MOV.W     #6168,&ADC10CTL0+0    ; [] |24| 
         000002 1818 
         000004 0000!
     127                    .dwpsn  file "../peripherals.c",line 26,column 5,is_stmt,isa 0
     128 000006 D0B2          OR.W      #32,&ADC10CTL0+0      ; [] |26| 
         000008 0020 
         00000a 0000!
     129                    .dwpsn  file "../peripherals.c",line 28,column 5,is_stmt,isa 0
     130 00000c D0B2          OR.W      #1024,&ADC10CTL0+0    ; [] |28| 
         00000e 0400 
         000010 0000!
     131                    .dwpsn  file "../peripherals.c",line 30,column 5,is_stmt,isa 0
     132 000012 40B2          MOV.W     #16616,&ADC10CTL1+0   ; [] |30| 
         000014 40E8 
         000016 0000!
     133                    .dwpsn  file "../peripherals.c",line 32,column 5,is_stmt,isa 0
     134 000018 D0F2          OR.B      #16,&ADC10AE0+0       ; [] |32| 
         00001a 0010 
         00001c 0000!
     135                    .dwpsn  file "../peripherals.c",line 35,column 1,is_stmt,isa 0
     136            $C$DW$10        .dwtag  DW_TAG_TI_branch
     137                    .dwattr $C$DW$10, DW_AT_low_pc(0x00)
     138                    .dwattr $C$DW$10, DW_AT_TI_return
     139            
     140 00001e 4130          RET       ; [] 
     141                    ; [] 
     142                    .dwattr $C$DW$9, DW_AT_TI_end_file("../peripherals.c")
     143                    .dwattr $C$DW$9, DW_AT_TI_end_line(0x23)
     144                    .dwattr $C$DW$9, DW_AT_TI_end_column(0x01)
     145                    .dwendentry
     146                    .dwendtag $C$DW$9
     147            
     148 000000               .sect   ".text:setup_buzzer_timer"
     149                    .clink
     150                    .global setup_buzzer_timer
     151            
     152            $C$DW$11        .dwtag  DW_TAG_subprogram
     153                    .dwattr $C$DW$11, DW_AT_name("setup_buzzer_timer")
     154                    .dwattr $C$DW$11, DW_AT_low_pc(setup_buzzer_timer)
     155                    .dwattr $C$DW$11, DW_AT_high_pc(0x00)
MSP430 Assembler Unix v21.6.1 Thu Nov 28 19:50:21 2024

Copyright (c) 2003-2018 Texas Instruments Incorporated
peripherals.asm                                                      PAGE    4

     156                    .dwattr $C$DW$11, DW_AT_TI_symbol_name("setup_buzzer_timer")
     157                    .dwattr $C$DW$11, DW_AT_external
     158                    .dwattr $C$DW$11, DW_AT_TI_begin_file("../peripherals.c")
     159                    .dwattr $C$DW$11, DW_AT_TI_begin_line(0x2a)
     160                    .dwattr $C$DW$11, DW_AT_TI_begin_column(0x06)
     161                    .dwattr $C$DW$11, DW_AT_decl_file("../peripherals.c")
     162                    .dwattr $C$DW$11, DW_AT_decl_line(0x2a)
     163                    .dwattr $C$DW$11, DW_AT_decl_column(0x06)
     164                    .dwattr $C$DW$11, DW_AT_TI_max_frame_size(0x02)
     165                    .dwpsn  file "../peripherals.c",line 42,column 50,is_stmt,address setup_buzzer_timer,isa 0
     166            
     167                    .dwfde $C$DW$CIE, setup_buzzer_timer
     168            $C$DW$12        .dwtag  DW_TAG_formal_parameter
     169                    .dwattr $C$DW$12, DW_AT_name("frequency")
     170                    .dwattr $C$DW$12, DW_AT_TI_symbol_name("frequency")
     171                    .dwattr $C$DW$12, DW_AT_type(*$C$DW$T$11)
     172                    .dwattr $C$DW$12, DW_AT_location[DW_OP_reg12]
     173            
     174            
     175            ;*****************************************************************************
     176            ;* FUNCTION NAME: setup_buzzer_timer                                         *
     177            ;*                                                                           *
     178            ;*   Regs Modified     : SP,SR,r11,r12,r13,r14,r15                           *
     179            ;*   Regs Used         : SP,SR,r11,r12,r13,r14,r15                           *
     180            ;*   Local Frame Size  : 0 Args + 0 Auto + 0 Save = 0 byte                   *
     181            ;*****************************************************************************
     182 000000       setup_buzzer_timer:
     183            ;* --------------------------------------------------------------------------*
     184                    .dwcfi  cfa_offset, 2
     185                    .dwcfi  save_reg_to_mem, 16, -2
     186            ;* r12   assigned to frequency
     187            $C$DW$13        .dwtag  DW_TAG_variable
     188                    .dwattr $C$DW$13, DW_AT_name("frequency")
     189                    .dwattr $C$DW$13, DW_AT_TI_symbol_name("frequency")
     190                    .dwattr $C$DW$13, DW_AT_type(*$C$DW$T$11)
     191                    .dwattr $C$DW$13, DW_AT_location[DW_OP_reg12]
     192            
     193            ;* r12   assigned to countval
     194            $C$DW$14        .dwtag  DW_TAG_variable
     195                    .dwattr $C$DW$14, DW_AT_name("countval")
     196                    .dwattr $C$DW$14, DW_AT_TI_symbol_name("countval")
     197                    .dwattr $C$DW$14, DW_AT_type(*$C$DW$T$11)
     198                    .dwattr $C$DW$14, DW_AT_location[DW_OP_reg12]
     199            
     200                    .dwpsn  file "../peripherals.c",line 46,column 27,is_stmt,isa 0
     201 000000 4C0E          MOV.W     r12,r14               ; [] |46| 
     202 000002 430F          MOV.W     #0,r15                ; [] |46| 
     203 000004 403C          MOV.W     #53392,r12            ; [] |46| 
         000006 D090 
     204 000008 403D          MOV.W     #3,r13                ; [] |46| 
         00000a 0003 
     205            $C$DW$15        .dwtag  DW_TAG_TI_branch
     206                    .dwattr $C$DW$15, DW_AT_low_pc(0x00)
     207                    .dwattr $C$DW$15, DW_AT_name("__mspabi_divli")
     208                    .dwattr $C$DW$15, DW_AT_TI_call
MSP430 Assembler Unix v21.6.1 Thu Nov 28 19:50:21 2024

Copyright (c) 2003-2018 Texas Instruments Incorporated
peripherals.asm                                                      PAGE    5

     209            
     210 00000c 12B0          CALL      #__mspabi_divli       ; [] |46| 
         00000e 0000!
     211                                                      ; [] |46| 
     212                    .dwpsn  file "../peripherals.c",line 48,column 5,is_stmt,isa 0
     213 000010 4382          MOV.W     #0,&TA1CTL+0          ; [] |48| 
         000012 0000!
     214                    .dwpsn  file "../peripherals.c",line 49,column 5,is_stmt,isa 0
     215 000014 4C82          MOV.W     r12,&TA1CCR0+0        ; [] |49| 
         000016 0000!
     216                    .dwpsn  file "../peripherals.c",line 50,column 5,is_stmt,isa 0
     217 000018 4C82          MOV.W     r12,&TA1CCR1+0        ; [] |50| 
         00001a 0000!
     218                    .dwpsn  file "../peripherals.c",line 52,column 5,is_stmt,isa 0
     219 00001c D0B2          OR.W      #132,&TA1CCTL1+0      ; [] |52| 
         00001e 0084 
         000020 0000!
     220                    .dwpsn  file "../peripherals.c",line 53,column 5,is_stmt,isa 0
     221 000022 D0B2          OR.W      #128,&TA1CCTL0+0      ; [] |53| 
         000024 0080 
         000026 0000!
     222                    .dwpsn  file "../peripherals.c",line 54,column 5,is_stmt,isa 0
     223 000028 40B2          MOV.W     #656,&TA1CTL+0        ; [] |54| 
         00002a 0290 
         00002c 0000!
     224                    .dwpsn  file "../peripherals.c",line 58,column 1,is_stmt,isa 0
     225            $C$DW$16        .dwtag  DW_TAG_TI_branch
     226                    .dwattr $C$DW$16, DW_AT_low_pc(0x00)
     227                    .dwattr $C$DW$16, DW_AT_TI_return
     228            
     229 00002e 4130          RET       ; [] 
     230                    ; [] 
     231                    .dwattr $C$DW$11, DW_AT_TI_end_file("../peripherals.c")
     232                    .dwattr $C$DW$11, DW_AT_TI_end_line(0x3a)
     233                    .dwattr $C$DW$11, DW_AT_TI_end_column(0x01)
     234                    .dwendentry
     235                    .dwendtag $C$DW$11
     236            
     237            ;*****************************************************************************
     238            ;* UNDEFINED EXTERNAL REFERENCES                                             *
     239            ;*****************************************************************************
     240                    .global ADC10AE0
     241                    .global ADC10CTL0
     242                    .global ADC10CTL1
     243                    .global TA1CTL
     244                    .global TA1CCTL0
     245                    .global TA1CCTL1
     246                    .global TA1CCR0
     247                    .global TA1CCR1
     248                    .global __mspabi_divli
     249            
     250            ;******************************************************************************
     251            ;* BUILD ATTRIBUTES                                                           *
     252            ;******************************************************************************
     253                    .battr "TI", Tag_File, 1, Tag_LPM_INFO(1)
MSP430 Assembler Unix v21.6.1 Thu Nov 28 19:50:21 2024

Copyright (c) 2003-2018 Texas Instruments Incorporated
peripherals.asm                                                      PAGE    6

     254                    .battr "TI", Tag_File, 1, Tag_PORTS_INIT_INFO("012345678901ABCDEFGHIJ0111000000000000000000000
     255                    .battr "TI", Tag_File, 1, Tag_LEA_INFO(1)
     256                    .battr "TI", Tag_File, 1, Tag_HW_MPY32_INFO(1)
     257                    .battr "TI", Tag_File, 1, Tag_HW_MPY_ISR_INFO(1)
     258                    .battr "TI", Tag_File, 1, Tag_HW_MPY_INLINE_INFO(1)
     259                    .battr "mspabi", Tag_File, 1, Tag_enum_size(3)
     260            
     261            ;******************************************************************************
     262            ;* TYPE INFORMATION                                                           *
     263            ;******************************************************************************
     264            $C$DW$T$2       .dwtag  DW_TAG_unspecified_type
     265                    .dwattr $C$DW$T$2, DW_AT_name("void")
     266            
     267            $C$DW$T$4       .dwtag  DW_TAG_base_type
     268                    .dwattr $C$DW$T$4, DW_AT_encoding(DW_ATE_boolean)
     269                    .dwattr $C$DW$T$4, DW_AT_name("bool")
     270                    .dwattr $C$DW$T$4, DW_AT_byte_size(0x01)
     271            
     272            $C$DW$T$5       .dwtag  DW_TAG_base_type
     273                    .dwattr $C$DW$T$5, DW_AT_encoding(DW_ATE_signed_char)
     274                    .dwattr $C$DW$T$5, DW_AT_name("signed char")
     275                    .dwattr $C$DW$T$5, DW_AT_byte_size(0x01)
     276            
     277            $C$DW$T$6       .dwtag  DW_TAG_base_type
     278                    .dwattr $C$DW$T$6, DW_AT_encoding(DW_ATE_unsigned_char)
     279                    .dwattr $C$DW$T$6, DW_AT_name("unsigned char")
     280                    .dwattr $C$DW$T$6, DW_AT_byte_size(0x01)
     281            
     282            $C$DW$T$21      .dwtag  DW_TAG_volatile_type
     283                    .dwattr $C$DW$T$21, DW_AT_type(*$C$DW$T$6)
     284            
     285            $C$DW$T$7       .dwtag  DW_TAG_base_type
     286                    .dwattr $C$DW$T$7, DW_AT_encoding(DW_ATE_signed_char)
     287                    .dwattr $C$DW$T$7, DW_AT_name("wchar_t")
     288                    .dwattr $C$DW$T$7, DW_AT_byte_size(0x02)
     289            
     290            $C$DW$T$8       .dwtag  DW_TAG_base_type
     291                    .dwattr $C$DW$T$8, DW_AT_encoding(DW_ATE_signed)
     292                    .dwattr $C$DW$T$8, DW_AT_name("short")
     293                    .dwattr $C$DW$T$8, DW_AT_byte_size(0x02)
     294            
     295            $C$DW$T$9       .dwtag  DW_TAG_base_type
     296                    .dwattr $C$DW$T$9, DW_AT_encoding(DW_ATE_unsigned)
     297                    .dwattr $C$DW$T$9, DW_AT_name("unsigned short")
     298                    .dwattr $C$DW$T$9, DW_AT_byte_size(0x02)
     299            
     300            $C$DW$T$10      .dwtag  DW_TAG_base_type
     301                    .dwattr $C$DW$T$10, DW_AT_encoding(DW_ATE_signed)
     302                    .dwattr $C$DW$T$10, DW_AT_name("int")
     303                    .dwattr $C$DW$T$10, DW_AT_byte_size(0x02)
     304            
     305            $C$DW$T$11      .dwtag  DW_TAG_base_type
     306                    .dwattr $C$DW$T$11, DW_AT_encoding(DW_ATE_unsigned)
     307                    .dwattr $C$DW$T$11, DW_AT_name("unsigned int")
     308                    .dwattr $C$DW$T$11, DW_AT_byte_size(0x02)
MSP430 Assembler Unix v21.6.1 Thu Nov 28 19:50:21 2024

Copyright (c) 2003-2018 Texas Instruments Incorporated
peripherals.asm                                                      PAGE    7

     309            
     310            $C$DW$T$22      .dwtag  DW_TAG_volatile_type
     311                    .dwattr $C$DW$T$22, DW_AT_type(*$C$DW$T$11)
     312            
     313            $C$DW$T$12      .dwtag  DW_TAG_base_type
     314                    .dwattr $C$DW$T$12, DW_AT_encoding(DW_ATE_signed)
     315                    .dwattr $C$DW$T$12, DW_AT_name("long")
     316                    .dwattr $C$DW$T$12, DW_AT_byte_size(0x04)
     317            
     318            $C$DW$T$13      .dwtag  DW_TAG_base_type
     319                    .dwattr $C$DW$T$13, DW_AT_encoding(DW_ATE_unsigned)
     320                    .dwattr $C$DW$T$13, DW_AT_name("unsigned long")
     321                    .dwattr $C$DW$T$13, DW_AT_byte_size(0x04)
     322            
     323            $C$DW$T$14      .dwtag  DW_TAG_base_type
     324                    .dwattr $C$DW$T$14, DW_AT_encoding(DW_ATE_signed)
     325                    .dwattr $C$DW$T$14, DW_AT_name("long long")
     326                    .dwattr $C$DW$T$14, DW_AT_byte_size(0x08)
     327            
     328            $C$DW$T$15      .dwtag  DW_TAG_base_type
     329                    .dwattr $C$DW$T$15, DW_AT_encoding(DW_ATE_unsigned)
     330                    .dwattr $C$DW$T$15, DW_AT_name("unsigned long long")
     331                    .dwattr $C$DW$T$15, DW_AT_byte_size(0x08)
     332            
     333            $C$DW$T$16      .dwtag  DW_TAG_base_type
     334                    .dwattr $C$DW$T$16, DW_AT_encoding(DW_ATE_float)
     335                    .dwattr $C$DW$T$16, DW_AT_name("float")
     336                    .dwattr $C$DW$T$16, DW_AT_byte_size(0x04)
     337            
     338            $C$DW$T$17      .dwtag  DW_TAG_base_type
     339                    .dwattr $C$DW$T$17, DW_AT_encoding(DW_ATE_float)
     340                    .dwattr $C$DW$T$17, DW_AT_name("double")
     341                    .dwattr $C$DW$T$17, DW_AT_byte_size(0x08)
     342            
     343            $C$DW$T$18      .dwtag  DW_TAG_base_type
     344                    .dwattr $C$DW$T$18, DW_AT_encoding(DW_ATE_float)
     345                    .dwattr $C$DW$T$18, DW_AT_name("long double")
     346                    .dwattr $C$DW$T$18, DW_AT_byte_size(0x08)
     347            
     348                    .dwattr $C$DW$CU, DW_AT_language(DW_LANG_C)
     349            
     350            ;***************************************************************
     351            ;* DWARF CIE ENTRIES                                           *
     352            ;***************************************************************
     353            
     354            $C$DW$CIE       .dwcie 16
     355                    .dwcfi  cfa_register, 1
     356                    .dwcfi  cfa_offset, 0
     357                    .dwcfi  same_value, 0
     358                    .dwcfi  same_value, 1
     359                    .dwcfi  same_value, 3
     360                    .dwcfi  same_value, 4
     361                    .dwcfi  same_value, 5
     362                    .dwcfi  same_value, 6
     363                    .dwcfi  same_value, 7
MSP430 Assembler Unix v21.6.1 Thu Nov 28 19:50:21 2024

Copyright (c) 2003-2018 Texas Instruments Incorporated
peripherals.asm                                                      PAGE    8

     364                    .dwcfi  same_value, 8
     365                    .dwcfi  same_value, 9
     366                    .dwcfi  same_value, 10
     367                    .dwendentry
     368            
     369            ;***************************************************************
     370            ;* DWARF REGISTER MAP                                          *
     371            ;***************************************************************
     372            
     373            $C$DW$17        .dwtag  DW_TAG_TI_assign_register
     374                    .dwattr $C$DW$17, DW_AT_name("PC")
     375                    .dwattr $C$DW$17, DW_AT_location[DW_OP_reg0]
     376            
     377            $C$DW$18        .dwtag  DW_TAG_TI_assign_register
     378                    .dwattr $C$DW$18, DW_AT_name("SP")
     379                    .dwattr $C$DW$18, DW_AT_location[DW_OP_reg1]
     380            
     381            $C$DW$19        .dwtag  DW_TAG_TI_assign_register
     382                    .dwattr $C$DW$19, DW_AT_name("SR")
     383                    .dwattr $C$DW$19, DW_AT_location[DW_OP_reg2]
     384            
     385            $C$DW$20        .dwtag  DW_TAG_TI_assign_register
     386                    .dwattr $C$DW$20, DW_AT_name("CG")
     387                    .dwattr $C$DW$20, DW_AT_location[DW_OP_reg3]
     388            
     389            $C$DW$21        .dwtag  DW_TAG_TI_assign_register
     390                    .dwattr $C$DW$21, DW_AT_name("r4")
     391                    .dwattr $C$DW$21, DW_AT_location[DW_OP_reg4]
     392            
     393            $C$DW$22        .dwtag  DW_TAG_TI_assign_register
     394                    .dwattr $C$DW$22, DW_AT_name("r5")
     395                    .dwattr $C$DW$22, DW_AT_location[DW_OP_reg5]
     396            
     397            $C$DW$23        .dwtag  DW_TAG_TI_assign_register
     398                    .dwattr $C$DW$23, DW_AT_name("r6")
     399                    .dwattr $C$DW$23, DW_AT_location[DW_OP_reg6]
     400            
     401            $C$DW$24        .dwtag  DW_TAG_TI_assign_register
     402                    .dwattr $C$DW$24, DW_AT_name("r7")
     403                    .dwattr $C$DW$24, DW_AT_location[DW_OP_reg7]
     404            
     405            $C$DW$25        .dwtag  DW_TAG_TI_assign_register
     406                    .dwattr $C$DW$25, DW_AT_name("r8")
     407                    .dwattr $C$DW$25, DW_AT_location[DW_OP_reg8]
     408            
     409            $C$DW$26        .dwtag  DW_TAG_TI_assign_register
     410                    .dwattr $C$DW$26, DW_AT_name("r9")
     411                    .dwattr $C$DW$26, DW_AT_location[DW_OP_reg9]
     412            
     413            $C$DW$27        .dwtag  DW_TAG_TI_assign_register
     414                    .dwattr $C$DW$27, DW_AT_name("r10")
     415                    .dwattr $C$DW$27, DW_AT_location[DW_OP_reg10]
     416            
     417            $C$DW$28        .dwtag  DW_TAG_TI_assign_register
     418                    .dwattr $C$DW$28, DW_AT_name("r11")
MSP430 Assembler Unix v21.6.1 Thu Nov 28 19:50:21 2024

Copyright (c) 2003-2018 Texas Instruments Incorporated
peripherals.asm                                                      PAGE    9

     419                    .dwattr $C$DW$28, DW_AT_location[DW_OP_reg11]
     420            
     421            $C$DW$29        .dwtag  DW_TAG_TI_assign_register
     422                    .dwattr $C$DW$29, DW_AT_name("r12")
     423                    .dwattr $C$DW$29, DW_AT_location[DW_OP_reg12]
     424            
     425            $C$DW$30        .dwtag  DW_TAG_TI_assign_register
     426                    .dwattr $C$DW$30, DW_AT_name("r13")
     427                    .dwattr $C$DW$30, DW_AT_location[DW_OP_reg13]
     428            
     429            $C$DW$31        .dwtag  DW_TAG_TI_assign_register
     430                    .dwattr $C$DW$31, DW_AT_name("r14")
     431                    .dwattr $C$DW$31, DW_AT_location[DW_OP_reg14]
     432            
     433            $C$DW$32        .dwtag  DW_TAG_TI_assign_register
     434                    .dwattr $C$DW$32, DW_AT_name("r15")
     435                    .dwattr $C$DW$32, DW_AT_location[DW_OP_reg15]
     436            
     437            $C$DW$33        .dwtag  DW_TAG_TI_assign_register
     438                    .dwattr $C$DW$33, DW_AT_name("CIE_RETA")
     439                    .dwattr $C$DW$33, DW_AT_location[DW_OP_reg16]
     440            
     441                    .dwendtag $C$DW$CU
     442            

No Assembly Errors, No Assembly Warnings
